This is pdfTeX, Version 3.1415926-2.3-1.40.12 (MiKTeX 2.9) (preloaded format=pdflatex 2016.10.16)  31 JUL 2017 00:29
entering extended mode
**C:/Users/zpysky/Desktop/dominating-path/Sensing-traj_v1.5.tex
(C:/Users/zpysky/Desktop/dominating-path/Sensing-traj_v1.5.tex
LaTeX2e <2011/06/27>
Babel <v3.8m> and hyphenation patterns for loaded.
(C:\CTEX\MiKTeX\tex\latex\ieeetran\IEEEtran.cls
Document Class: IEEEtran 2007/03/05 V1.7a by Michael Shell
-- See the "IEEEtran_HOWTO" manual for usage information.
-- http://www.michaelshell.org/tex/ieeetran/
\@IEEEtrantmpdimenA=\dimen102
\@IEEEtrantmpdimenB=\dimen103
\@IEEEtrantmpcountA=\count79
\@IEEEtrantmpcountB=\count80
\@IEEEtrantmptoksA=\toks14
LaTeX Font Info:    Try loading font information for OT1+ptm on input line 366.

(C:\CTEX\MiKTeX\tex\latex\psnfss\ot1ptm.fd
File: ot1ptm.fd 2001/06/04 font definitions for OT1/ptm.
)
-- Using 8.5in x 11in (letter) paper.
-- Using PDF output.
\@IEEEnormalsizeunitybaselineskip=\dimen104
-- This is a 10 point document.
\CLASSINFOnormalsizebaselineskip=\dimen105
\CLASSINFOnormalsizeunitybaselineskip=\dimen106
\IEEEnormaljot=\dimen107
LaTeX Font Info:    Font shape `OT1/ptm/bx/n' in size <5> not available
(Font)              Font shape `OT1/ptm/b/n' tried instead on input line 724.
LaTeX Font Info:    Font shape `OT1/ptm/bx/it' in size <5> not available
(Font)              Font shape `OT1/ptm/b/it' tried instead on input line 724.
LaTeX Font Info:    Font shape `OT1/ptm/bx/n' in size <7> not available
(Font)              Font shape `OT1/ptm/b/n' tried instead on input line 724.
LaTeX Font Info:    Font shape `OT1/ptm/bx/it' in size <7> not available
(Font)              Font shape `OT1/ptm/b/it' tried instead on input line 724.
LaTeX Font Info:    Font shape `OT1/ptm/bx/n' in size <8> not available
(Font)              Font shape `OT1/ptm/b/n' tried instead on input line 724.
LaTeX Font Info:    Font shape `OT1/ptm/bx/it' in size <8> not available
(Font)              Font shape `OT1/ptm/b/it' tried instead on input line 724.
LaTeX Font Info:    Font shape `OT1/ptm/bx/n' in size <9> not available
(Font)              Font shape `OT1/ptm/b/n' tried instead on input line 724.
LaTeX Font Info:    Font shape `OT1/ptm/bx/it' in size <9> not available
(Font)              Font shape `OT1/ptm/b/it' tried instead on input line 724.
LaTeX Font Info:    Font shape `OT1/ptm/bx/n' in size <10> not available
(Font)              Font shape `OT1/ptm/b/n' tried instead on input line 724.
LaTeX Font Info:    Font shape `OT1/ptm/bx/it' in size <10> not available
(Font)              Font shape `OT1/ptm/b/it' tried instead on input line 724.
LaTeX Font Info:    Font shape `OT1/ptm/bx/n' in size <11> not available
(Font)              Font shape `OT1/ptm/b/n' tried instead on input line 724.
LaTeX Font Info:    Font shape `OT1/ptm/bx/it' in size <11> not available
(Font)              Font shape `OT1/ptm/b/it' tried instead on input line 724.
LaTeX Font Info:    Font shape `OT1/ptm/bx/n' in size <12> not available
(Font)              Font shape `OT1/ptm/b/n' tried instead on input line 724.
LaTeX Font Info:    Font shape `OT1/ptm/bx/it' in size <12> not available
(Font)              Font shape `OT1/ptm/b/it' tried instead on input line 724.
LaTeX Font Info:    Font shape `OT1/ptm/bx/n' in size <17> not available
(Font)              Font shape `OT1/ptm/b/n' tried instead on input line 724.
LaTeX Font Info:    Font shape `OT1/ptm/bx/it' in size <17> not available
(Font)              Font shape `OT1/ptm/b/it' tried instead on input line 724.
LaTeX Font Info:    Font shape `OT1/ptm/bx/n' in size <20> not available
(Font)              Font shape `OT1/ptm/b/n' tried instead on input line 724.
LaTeX Font Info:    Font shape `OT1/ptm/bx/it' in size <20> not available
(Font)              Font shape `OT1/ptm/b/it' tried instead on input line 724.
LaTeX Font Info:    Font shape `OT1/ptm/bx/n' in size <24> not available
(Font)              Font shape `OT1/ptm/b/n' tried instead on input line 724.
LaTeX Font Info:    Font shape `OT1/ptm/bx/it' in size <24> not available
(Font)              Font shape `OT1/ptm/b/it' tried instead on input line 724.
\IEEEilabelindentA=\dimen108
\IEEEilabelindentB=\dimen109
\IEEEilabelindent=\dimen110
\IEEEelabelindent=\dimen111
\IEEEdlabelindent=\dimen112
\IEEElabelindent=\dimen113
\IEEEiednormlabelsep=\dimen114
\IEEEiedmathlabelsep=\dimen115
\IEEEiedtopsep=\skip41
\c@section=\count81
\c@subsection=\count82
\c@subsubsection=\count83
\c@paragraph=\count84
\c@IEEEsubequation=\count85
\abovecaptionskip=\skip42
\belowcaptionskip=\skip43
\c@figure=\count86
\c@table=\count87
\@IEEEeqnnumcols=\count88
\@IEEEeqncolcnt=\count89
\@IEEEtmpitemindent=\dimen116
\c@IEEEbiography=\count90
\@IEEEtranrubishbin=\box26
) (C:\CTEX\MiKTeX\tex\latex\base\fontenc.sty
Package: fontenc 2005/09/27 v1.99g Standard LaTeX package

(C:\CTEX\MiKTeX\tex\latex\base\t1enc.def
File: t1enc.def 2005/09/27 v1.99g Standard LaTeX file
LaTeX Font Info:    Redeclaring font encoding T1 on input line 43.
)
LaTeX Font Info:    Try loading font information for T1+ptm on input line 100.

(C:\CTEX\MiKTeX\tex\latex\psnfss\t1ptm.fd
File: t1ptm.fd 2001/06/04 font definitions for T1/ptm.
))
(C:\CTEX\MiKTeX\tex\latex\base\inputenc.sty
Package: inputenc 2008/03/30 v1.1d Input encoding file
\inpenc@prehook=\toks15
\inpenc@posthook=\toks16

(C:\CTEX\MiKTeX\tex\latex\base\latin9.def
File: latin9.def 2008/03/30 v1.1d Input encoding file
))
(C:\CTEX\MiKTeX\tex\latex\graphics\color.sty
Package: color 2005/11/14 v1.0j Standard LaTeX Color (DPC)

(C:\CTEX\MiKTeX\tex\latex\00miktex\color.cfg
File: color.cfg 2007/01/18 v1.5 color configuration of teTeX/TeXLive
)
Package color Info: Driver file: pdftex.def on input line 130.

(C:\CTEX\MiKTeX\tex\latex\pdftex-def\pdftex.def
File: pdftex.def 2011/05/27 v0.06d Graphics/color for pdfTeX

(C:\CTEX\MiKTeX\tex\generic\oberdiek\infwarerr.sty
Package: infwarerr 2010/04/08 v1.3 Providing info/warning/message (HO)
)
(C:\CTEX\MiKTeX\tex\generic\oberdiek\ltxcmds.sty
Package: ltxcmds 2011/04/18 v1.20 LaTeX kernel commands for general use (HO)
)
\Gread@gobject=\count91
))
(C:\CTEX\MiKTeX\tex\latex\algorithms\algorithm.sty
Package: algorithm 2009/08/24 v0.1 Document Style `algorithm' - floating enviro
nment

(C:\CTEX\MiKTeX\tex\latex\float\float.sty
Package: float 2001/11/08 v1.3d Float enhancements (AL)
\c@float@type=\count92
\float@exts=\toks17
\float@box=\box27
\@float@everytoks=\toks18
\@floatcapt=\box28
)
(C:\CTEX\MiKTeX\tex\latex\base\ifthen.sty
Package: ifthen 2001/05/26 v1.1c Standard LaTeX ifthen package (DPC)
)
\@float@every@algorithm=\toks19
\c@algorithm=\count93
)
(C:\CTEX\MiKTeX\tex\latex\algorithmicx\algorithmicx.sty
Package: algorithmicx 2005/04/27 v1.2 Algorithmicx

Document Style algorithmicx 1.2 - a greatly improved `algorithmic' style
\c@ALG@line=\count94
\c@ALG@rem=\count95
\c@ALG@nested=\count96
\ALG@tlm=\skip44
\ALG@thistlm=\skip45
\c@ALG@Lnr=\count97
\c@ALG@blocknr=\count98
\c@ALG@storecount=\count99
\c@ALG@tmpcounter=\count100
\ALG@tmplength=\skip46
) (C:\CTEX\MiKTeX\tex\latex\algorithmicx\algpseudocode.sty
Package: algpseudocode 

Document Style - pseudocode environments for use with the `algorithmicx' style
) (C:\CTEX\MiKTeX\tex\latex\ams\classes\amsthm.sty
Package: amsthm 2004/08/06 v2.20
\thm@style=\toks20
\thm@bodyfont=\toks21
\thm@headfont=\toks22
\thm@notefont=\toks23
\thm@headpunct=\toks24
\thm@preskip=\skip47
\thm@postskip=\skip48
\thm@headsep=\skip49
\dth@everypar=\toks25
)
(C:\CTEX\MiKTeX\tex\latex\ams\math\amsmath.sty
Package: amsmath 2000/07/18 v2.13 AMS math features
\@mathmargin=\skip50

For additional information on amsmath, use the `?' option.
(C:\CTEX\MiKTeX\tex\latex\ams\math\amstext.sty
Package: amstext 2000/06/29 v2.01

(C:\CTEX\MiKTeX\tex\latex\ams\math\amsgen.sty
File: amsgen.sty 1999/11/30 v2.0
\@emptytoks=\toks26
\ex@=\dimen117
))
(C:\CTEX\MiKTeX\tex\latex\ams\math\amsbsy.sty
Package: amsbsy 1999/11/29 v1.2d
\pmbraise@=\dimen118
)
(C:\CTEX\MiKTeX\tex\latex\ams\math\amsopn.sty
Package: amsopn 1999/12/14 v2.01 operator names
)
\inf@bad=\count101
LaTeX Info: Redefining \frac on input line 211.
\uproot@=\count102
\leftroot@=\count103
LaTeX Info: Redefining \overline on input line 307.
\classnum@=\count104
\DOTSCASE@=\count105
LaTeX Info: Redefining \ldots on input line 379.
LaTeX Info: Redefining \dots on input line 382.
LaTeX Info: Redefining \cdots on input line 467.
\Mathstrutbox@=\box29
\strutbox@=\box30
\big@size=\dimen119
LaTeX Font Info:    Redeclaring font encoding OML on input line 567.
LaTeX Font Info:    Redeclaring font encoding OMS on input line 568.
\macc@depth=\count106
\c@MaxMatrixCols=\count107
\dotsspace@=\muskip10
\c@parentequation=\count108
\dspbrk@lvl=\count109
\tag@help=\toks27
\row@=\count110
\column@=\count111
\maxfields@=\count112
\andhelp@=\toks28
\eqnshift@=\dimen120
\alignsep@=\dimen121
\tagshift@=\dimen122
\tagwidth@=\dimen123
\totwidth@=\dimen124
\lineht@=\dimen125
\@envbody=\toks29
\multlinegap=\skip51
\multlinetaggap=\skip52
\mathdisplay@stack=\toks30
LaTeX Info: Redefining \[ on input line 2666.
LaTeX Info: Redefining \] on input line 2667.
)
(C:\CTEX\MiKTeX\tex\latex\amsfonts\amssymb.sty
Package: amssymb 2009/06/22 v3.00

(C:\CTEX\MiKTeX\tex\latex\amsfonts\amsfonts.sty
Package: amsfonts 2009/06/22 v3.00 Basic AMSFonts support
\symAMSa=\mathgroup4
\symAMSb=\mathgroup5
LaTeX Font Info:    Overwriting math alphabet `\mathfrak' in version `bold'
(Font)                  U/euf/m/n --> U/euf/b/n on input line 96.
))
(C:\CTEX\MiKTeX\tex\latex\graphics\graphicx.sty
Package: graphicx 1999/02/16 v1.0f Enhanced LaTeX Graphics (DPC,SPQR)

(C:\CTEX\MiKTeX\tex\latex\graphics\keyval.sty
Package: keyval 1999/03/16 v1.13 key=value parser (DPC)
\KV@toks@=\toks31
)
(C:\CTEX\MiKTeX\tex\latex\graphics\graphics.sty
Package: graphics 2009/02/05 v1.0o Standard LaTeX Graphics (DPC,SPQR)

(C:\CTEX\MiKTeX\tex\latex\graphics\trig.sty
Package: trig 1999/03/16 v1.09 sin cos tan (DPC)
)
(C:\CTEX\MiKTeX\tex\latex\00miktex\graphics.cfg
File: graphics.cfg 2007/01/18 v1.5 graphics configuration of teTeX/TeXLive
)
Package graphics Info: Driver file: pdftex.def on input line 91.
)
\Gin@req@height=\dimen126
\Gin@req@width=\dimen127
)
(C:\CTEX\MiKTeX\tex\latex\caption\subcaption.sty
Package: subcaption 2011/10/30 v1.1c Sub-captions (AR)

(C:\CTEX\MiKTeX\tex\latex\caption\caption.sty
Package: caption 2011/11/10 v3.2e Customizing captions (AR)

(C:\CTEX\MiKTeX\tex\latex\caption\caption3.sty
Package: caption3 2011/11/01 v1.4a caption3 kernel (AR)
\captionmargin=\dimen128
\captionmargin@=\dimen129
\captionwidth=\dimen130
\caption@indent=\dimen131
\caption@parindent=\dimen132
\caption@hangindent=\dimen133
Package caption Info: Unknown document class (or package),
(caption)             standard defaults will be used.
)

Package caption Warning: Unsupported document class (or package) detected,
(caption)                usage of the caption package is not recommended.
See the caption package documentation for explanation.

Package caption Info: \@makecaption = \long macro:#1#2->\ifx \@captype \@IEEEta
blestring \footnotesize \begin {center}{\normalfont \footnotesize #1}\\{\normal
font \footnotesize \scshape #2}\end {center}\@IEEEtablecaptionsepspace \else \@
IEEEfigurecaptionsepspace \setbox \@tempboxa \hbox {\normalfont \footnotesize {
#1.}~~ #2}\ifdim \wd \@tempboxa >\hsize \setbox \@tempboxa \hbox {\normalfont \
footnotesize {#1.}~~ }\parbox [t]{\hsize }{\normalfont \footnotesize \noindent 
\unhbox \@tempboxa #2}\else \ifCLASSOPTIONconference \hbox to\hsize {\normalfon
t \footnotesize \hfil \box \@tempboxa \hfil }\else \hbox to\hsize {\normalfont 
\footnotesize \box \@tempboxa \hfil }\fi \fi \fi .
\c@ContinuedFloat=\count113
Package caption Info: float package is loaded.
)
\c@subfigure=\count114
\c@subtable=\count115
) (C:\CTEX\MiKTeX\tex\latex\graphics\epsfig.sty
Package: epsfig 1999/02/16 v1.7a (e)psfig emulation (SPQR)
\epsfxsize=\dimen134
\epsfysize=\dimen135
)
(C:\CTEX\MiKTeX\tex\latex\preprint\balance.sty
Package: balance 1999/02/23 4.3 (PWD)
\oldvsize=\dimen136
)
(C:\CTEX\MiKTeX\tex\latex\multirow\multirow.sty
\bigstrutjot=\dimen137
)
(C:\CTEX\MiKTeX\tex\latex\ltxmisc\url.sty
\Urlmuskip=\muskip11
Package: url 2006/04/12  ver 3.3  Verb mode for urls, etc.
)
(C:\CTEX\MiKTeX\tex\latex\hyperref\hyperref.sty
Package: hyperref 2012/02/06 v6.82o Hypertext links for LaTeX

(C:\CTEX\MiKTeX\tex\generic\oberdiek\hobsub-hyperref.sty
Package: hobsub-hyperref 2011/04/23 v1.4 Bundle oberdiek, subset hyperref (HO)

(C:\CTEX\MiKTeX\tex\generic\oberdiek\hobsub-generic.sty
Package: hobsub-generic 2011/04/23 v1.4 Bundle oberdiek, subset generic (HO)
Package: hobsub 2011/04/23 v1.4 Subsetting bundle oberdiek (HO)
Package hobsub Info: Skipping package `infwarerr' (already loaded).
Package hobsub Info: Skipping package `ltxcmds' (already loaded).
Package: ifluatex 2010/03/01 v1.3 Provides the ifluatex switch (HO)
Package ifluatex Info: LuaTeX not detected.
Package: ifvtex 2010/03/01 v1.5 Switches for detecting VTeX and its modes (HO)
Package ifvtex Info: VTeX not detected.
Package: intcalc 2007/09/27 v1.1 Expandable integer calculations (HO)
Package: ifpdf 2011/01/30 v2.3 Provides the ifpdf switch (HO)
Package ifpdf Info: pdfTeX in PDF mode is detected.
Package: etexcmds 2011/02/16 v1.5 Prefix for e-TeX command names (HO)
Package etexcmds Info: Could not find \expanded.
(etexcmds)             That can mean that you are not using pdfTeX 1.50 or
(etexcmds)             that some package has redefined \expanded.
(etexcmds)             In the latter case, load this package earlier.
Package: kvsetkeys 2011/04/07 v1.13 Key value parser (HO)
Package: kvdefinekeys 2011/04/07 v1.3 Defining keys (HO)
Package: pdftexcmds 2011/04/22 v0.16 Utilities of pdfTeX for LuaTeX (HO)
Package pdftexcmds Info: LuaTeX not detected.
Package pdftexcmds Info: \pdf@primitive is available.
Package pdftexcmds Info: \pdf@ifprimitive is available.
Package pdftexcmds Info: \pdfdraftmode found.
Package: pdfescape 2011/04/04 v1.12 Provides string conversions (HO)
Package: bigintcalc 2011/01/30 v1.2 Expandable big integer calculations (HO)
Package: bitset 2011/01/30 v1.1 Data type bit set (HO)
Package: uniquecounter 2011/01/30 v1.2 Provides unlimited unique counter (HO)
)
Package hobsub Info: Skipping package `hobsub' (already loaded).
Package: letltxmacro 2010/09/02 v1.4 Let assignment for LaTeX macros (HO)
Package: hopatch 2011/01/30 v1.0 Wrapper for package hooks (HO)
Package: xcolor-patch 2011/01/30 xcolor patch
Package: atveryend 2011/04/23 v1.7 Hooks at very end of document (HO)
Package: atbegshi 2011/01/30 v1.15 At begin shipout hook (HO)
Package: refcount 2010/12/01 v3.2 Data extraction from references (HO)
Package: hycolor 2011/01/30 v1.7 Color options of hyperref/bookmark (HO)
)
(C:\CTEX\MiKTeX\tex\generic\ifxetex\ifxetex.sty
Package: ifxetex 2010/09/12 v0.6 Provides ifxetex conditional
)
(C:\CTEX\MiKTeX\tex\latex\oberdiek\kvoptions.sty
Package: kvoptions 2010/12/23 v3.10 Keyval support for LaTeX options (HO)
)
\@linkdim=\dimen138
\Hy@linkcounter=\count116
\Hy@pagecounter=\count117

(C:\CTEX\MiKTeX\tex\latex\hyperref\pd1enc.def
File: pd1enc.def 2012/02/06 v6.82o Hyperref: PDFDocEncoding definition (HO)
)
\Hy@SavedSpaceFactor=\count118

(C:\CTEX\MiKTeX\tex\latex\00miktex\hyperref.cfg
File: hyperref.cfg 2002/06/06 v1.2 hyperref configuration of TeXLive
)
Package hyperref Info: Option `unicode' set `true' on input line 3925.

(C:\CTEX\MiKTeX\tex\latex\hyperref\puenc.def
File: puenc.def 2012/02/06 v6.82o Hyperref: PDF Unicode definition (HO)
)
Package hyperref Info: Option `bookmarks' set `true' on input line 3925.
Package hyperref Info: Option `bookmarksnumbered' set `true' on input line 3925
.
Package hyperref Info: Option `bookmarksopen' set `true' on input line 3925.
Package hyperref Info: Option `breaklinks' set `false' on input line 3925.
Package hyperref Info: Option `colorlinks' set `false' on input line 3925.
Package hyperref Info: Hyper figures OFF on input line 4046.
Package hyperref Info: Link nesting OFF on input line 4051.
Package hyperref Info: Hyper index ON on input line 4054.
Package hyperref Info: Plain pages OFF on input line 4061.
Package hyperref Info: Backreferencing OFF on input line 4066.
Package hyperref Info: Implicit mode ON; LaTeX internals redefined.
Package hyperref Info: Bookmarks ON on input line 4284.
\c@Hy@tempcnt=\count119
LaTeX Info: Redefining \url on input line 4637.
\Fld@menulength=\count120
\Field@Width=\dimen139
\Fld@charsize=\dimen140
Package hyperref Info: Hyper figures OFF on input line 5757.
Package hyperref Info: Link nesting OFF on input line 5762.
Package hyperref Info: Hyper index ON on input line 5765.
Package hyperref Info: backreferencing OFF on input line 5772.
Package hyperref Info: Link coloring OFF on input line 5777.
Package hyperref Info: Link coloring with OCG OFF on input line 5782.
Package hyperref Info: PDF/A mode OFF on input line 5787.
LaTeX Info: Redefining \ref on input line 5827.
LaTeX Info: Redefining \pageref on input line 5831.
\Hy@abspage=\count121
\c@Item=\count122
\c@Hfootnote=\count123
)

Package hyperref Message: Driver (autodetected): hpdftex.

(C:\CTEX\MiKTeX\tex\latex\hyperref\hpdftex.def
File: hpdftex.def 2012/02/06 v6.82o Hyperref driver for pdfTeX
\Fld@listcount=\count124
\c@bookmark@seq@number=\count125

(C:\CTEX\MiKTeX\tex\latex\oberdiek\rerunfilecheck.sty
Package: rerunfilecheck 2011/04/15 v1.7 Rerun checks for auxiliary files (HO)
Package uniquecounter Info: New unique counter `rerunfilecheck' on input line 2
82.
)
\Hy@SectionHShift=\skip53
)
Package hyperref Info: Option `pdfnewwindow' set `true' on input line 36.
Package hyperref Info: Option `plainpages' set `false' on input line 36.
\c@thm=\count126
\c@proposition=\count127
\c@prob=\count128

(C:\Users\zpysky\Desktop\dominating-path\Sensing-traj_v1.5.aux

LaTeX Warning: Label `code:fram:judgemod' multiply defined.


LaTeX Warning: Label `code:fram:calculateab' multiply defined.


LaTeX Warning: Label `code:fram:calculate' multiply defined.

)
LaTeX Font Info:    Checking defaults for OML/cmm/m/it on input line 111.
LaTeX Font Info:    ... okay on input line 111.
LaTeX Font Info:    Checking defaults for T1/cmr/m/n on input line 111.
LaTeX Font Info:    ... okay on input line 111.
LaTeX Font Info:    Checking defaults for OT1/cmr/m/n on input line 111.
LaTeX Font Info:    ... okay on input line 111.
LaTeX Font Info:    Checking defaults for OMS/cmsy/m/n on input line 111.
LaTeX Font Info:    ... okay on input line 111.
LaTeX Font Info:    Checking defaults for OMX/cmex/m/n on input line 111.
LaTeX Font Info:    ... okay on input line 111.
LaTeX Font Info:    Checking defaults for U/cmr/m/n on input line 111.
LaTeX Font Info:    ... okay on input line 111.
LaTeX Font Info:    Checking defaults for PD1/pdf/m/n on input line 111.
LaTeX Font Info:    ... okay on input line 111.
LaTeX Font Info:    Checking defaults for PU/pdf/m/n on input line 111.
LaTeX Font Info:    ... okay on input line 111.
LaTeX Font Info:    Font shape `T1/ptm/bx/n' in size <5> not available
(Font)              Font shape `T1/ptm/b/n' tried instead on input line 111.
LaTeX Font Info:    Font shape `T1/ptm/bx/it' in size <5> not available
(Font)              Font shape `T1/ptm/b/it' tried instead on input line 111.
LaTeX Font Info:    Font shape `T1/ptm/bx/n' in size <7> not available
(Font)              Font shape `T1/ptm/b/n' tried instead on input line 111.
LaTeX Font Info:    Font shape `T1/ptm/bx/it' in size <7> not available
(Font)              Font shape `T1/ptm/b/it' tried instead on input line 111.
LaTeX Font Info:    Font shape `T1/ptm/bx/n' in size <8> not available
(Font)              Font shape `T1/ptm/b/n' tried instead on input line 111.
LaTeX Font Info:    Font shape `T1/ptm/bx/it' in size <8> not available
(Font)              Font shape `T1/ptm/b/it' tried instead on input line 111.
LaTeX Font Info:    Font shape `T1/ptm/bx/n' in size <9> not available
(Font)              Font shape `T1/ptm/b/n' tried instead on input line 111.
LaTeX Font Info:    Font shape `T1/ptm/bx/it' in size <9> not available
(Font)              Font shape `T1/ptm/b/it' tried instead on input line 111.
LaTeX Font Info:    Font shape `T1/ptm/bx/n' in size <10> not available
(Font)              Font shape `T1/ptm/b/n' tried instead on input line 111.
LaTeX Font Info:    Font shape `T1/ptm/bx/it' in size <10> not available
(Font)              Font shape `T1/ptm/b/it' tried instead on input line 111.
LaTeX Font Info:    Font shape `T1/ptm/bx/n' in size <11> not available
(Font)              Font shape `T1/ptm/b/n' tried instead on input line 111.
LaTeX Font Info:    Font shape `T1/ptm/bx/it' in size <11> not available
(Font)              Font shape `T1/ptm/b/it' tried instead on input line 111.
LaTeX Font Info:    Font shape `T1/ptm/bx/n' in size <12> not available
(Font)              Font shape `T1/ptm/b/n' tried instead on input line 111.
LaTeX Font Info:    Font shape `T1/ptm/bx/it' in size <12> not available
(Font)              Font shape `T1/ptm/b/it' tried instead on input line 111.
LaTeX Font Info:    Font shape `T1/ptm/bx/n' in size <17> not available
(Font)              Font shape `T1/ptm/b/n' tried instead on input line 111.
LaTeX Font Info:    Font shape `T1/ptm/bx/it' in size <17> not available
(Font)              Font shape `T1/ptm/b/it' tried instead on input line 111.
LaTeX Font Info:    Font shape `T1/ptm/bx/n' in size <20> not available
(Font)              Font shape `T1/ptm/b/n' tried instead on input line 111.
LaTeX Font Info:    Font shape `T1/ptm/bx/it' in size <20> not available
(Font)              Font shape `T1/ptm/b/it' tried instead on input line 111.
LaTeX Font Info:    Font shape `T1/ptm/bx/n' in size <24> not available
(Font)              Font shape `T1/ptm/b/n' tried instead on input line 111.
LaTeX Font Info:    Font shape `T1/ptm/bx/it' in size <24> not available
(Font)              Font shape `T1/ptm/b/it' tried instead on input line 111.
 (C:\CTEX\MiKTeX\tex\context\base\supp-pdf.mkii
[Loading MPS to PDF converter (version 2006.09.02).]
\scratchcounter=\count129
\scratchdimen=\dimen141
\scratchbox=\box31
\nofMPsegments=\count130
\nofMParguments=\count131
\everyMPshowfont=\toks32
\MPscratchCnt=\count132
\MPscratchDim=\dimen142
\MPnumerator=\count133
\makeMPintoPDFobject=\count134
\everyMPtoPDFconversion=\toks33
)
Package caption Info: Begin \AtBeginDocument code.
Package caption Info: hyperref package is loaded.
Package caption Info: End \AtBeginDocument code.
\AtBeginShipoutBox=\box32
Package hyperref Info: Link coloring OFF on input line 111.
 (C:\CTEX\MiKTeX\tex\latex\hyperref\nameref.sty
Package: nameref 2010/04/30 v2.40 Cross-referencing by name of section

(C:\CTEX\MiKTeX\tex\generic\oberdiek\gettitlestring.sty
Package: gettitlestring 2010/12/03 v1.4 Cleanup title references (HO)
)
\c@section@level=\count135
)
LaTeX Info: Redefining \ref on input line 111.
LaTeX Info: Redefining \pageref on input line 111.
LaTeX Info: Redefining \nameref on input line 111.

(C:\Users\zpysky\Desktop\dominating-path\Sensing-traj_v1.5.out)
(C:\Users\zpysky\Desktop\dominating-path\Sensing-traj_v1.5.out)
\@outlinefile=\write3
LaTeX Font Info:    Try loading font information for U+msa on input line 151.

(C:\CTEX\MiKTeX\tex\latex\amsfonts\umsa.fd
File: umsa.fd 2009/06/22 v3.00 AMS symbols A
)
LaTeX Font Info:    Try loading font information for U+msb on input line 151.

(C:\CTEX\MiKTeX\tex\latex\amsfonts\umsb.fd
File: umsb.fd 2009/06/22 v3.00 AMS symbols B
)
<pix/sensing-traj/eva_time_battery.pdf, id=139, 697.60625pt x 525.965pt>
File: pix/sensing-traj/eva_time_battery.pdf Graphic file (type pdf)

<use pix/sensing-traj/eva_time_battery.pdf>
Package pdftex.def Info: pix/sensing-traj/eva_time_battery.pdf used on input li
ne 171.
(pdftex.def)             Requested size: 201.60077pt x 151.99625pt.
 [1{C:/CTEX/UserData/pdftex/config/pdftex.map{Unicode.sfd}{UGBK.sfd}}


 <C:/Users/zpysky/Desktop/dominating-path/pix/sensing-traj/eva_time_battery.pdf
>]
<pix/sensing-traj/cuboids.pdf, id=168, 850.74594pt x 385.50443pt>
File: pix/sensing-traj/cuboids.pdf Graphic file (type pdf)

<use pix/sensing-traj/cuboids.pdf>
Package pdftex.def Info: pix/sensing-traj/cuboids.pdf used on input line 235.
(pdftex.def)             Requested size: 238.49121pt x 108.0699pt.
 [2 <C:/Users/zpysky/Desktop/dominating-path/pix/sensing-traj/cuboids.pdf>] [3]


Package hyperref Warning: Token not allowed in a PDF string (Unicode):
(hyperref)                removing `math shift' on input line 415.


Package hyperref Warning: Token not allowed in a PDF string (Unicode):
(hyperref)                removing `subscript' on input line 415.


Package hyperref Warning: Token not allowed in a PDF string (Unicode):
(hyperref)                removing `math shift' on input line 415.


Package hyperref Warning: Token not allowed in a PDF string (Unicode):
(hyperref)                removing `math shift' on input line 418.


Package hyperref Warning: Token not allowed in a PDF string (Unicode):
(hyperref)                removing `subscript' on input line 418.


Package hyperref Warning: Token not allowed in a PDF string (Unicode):
(hyperref)                removing `math shift' on input line 418.

** ATTENTION: \proof is deprecated (line 428). Use \IEEEproof instead.

LaTeX Warning: Reference `' on page 4 undefined on input line 433.


LaTeX Warning: Reference `' on page 4 undefined on input line 437.


LaTeX Warning: Reference `' on page 4 undefined on input line 439.


LaTeX Warning: Reference `' on page 4 undefined on input line 439.

[4]
** ATTENTION: \proof is deprecated (line 454). Use \IEEEproof instead.
** ATTENTION: \proof is deprecated (line 477). Use \IEEEproof instead.

LaTeX Warning: Reference `' on page 5 undefined on input line 481.

[5] <pix/sensing-traj/meta_struct1a.pdf, id=229, 267.47208pt x 382.91441pt>
File: pix/sensing-traj/meta_struct1a.pdf Graphic file (type pdf)

<use pix/sensing-traj/meta_struct1a.pdf>
Package pdftex.def Info: pix/sensing-traj/meta_struct1a.pdf used on input line 
497.
(pdftex.def)             Requested size: 80.74016pt x 115.58614pt.

<pix/sensing-traj/meta_struct1b.pdf, id=230, 159.0847pt x 486.07402pt>
File: pix/sensing-traj/meta_struct1b.pdf Graphic file (type pdf)

<use pix/sensing-traj/meta_struct1b.pdf>
Package pdftex.def Info: pix/sensing-traj/meta_struct1b.pdf used on input line 
504.
(pdftex.def)             Requested size: 37.82912pt x 115.58614pt.

<pix/sensing-traj/meta_struct1c.pdf, id=231, 153.8402pt x 535.0311pt>
File: pix/sensing-traj/meta_struct1c.pdf Graphic file (type pdf)

<use pix/sensing-traj/meta_struct1c.pdf>
Package pdftex.def Info: pix/sensing-traj/meta_struct1c.pdf used on input line 
511.
(pdftex.def)             Requested size: 33.23462pt x 115.58614pt.


Package hyperref Warning: Token not allowed in a PDF string (Unicode):
(hyperref)                removing `math shift' on input line 523.


Package hyperref Warning: Token not allowed in a PDF string (Unicode):
(hyperref)                removing `subscript' on input line 523.


Package hyperref Warning: Token not allowed in a PDF string (Unicode):
(hyperref)                removing `math shift' on input line 523.


LaTeX Warning: Reference `fig:meta_struct1_1' on page 6 undefined on input line
 528.


LaTeX Warning: Reference `fig:meta_struct1_1' on page 6 undefined on input line
 528.


LaTeX Warning: Reference `fig:meta_struct1_1' on page 6 undefined on input line
 528.


LaTeX Warning: Reference `fig:meta_struct1_2' on page 6 undefined on input line
 529.


LaTeX Warning: Reference `fig:meta_struct1_3' on page 6 undefined on input line
 529.


LaTeX Warning: Reference `fig:meta_struct2_1' on page 6 undefined on input line
 538.


LaTeX Warning: Reference `fig:meta_struct2_2' on page 6 undefined on input line
 539.


LaTeX Warning: Reference `fig:meta_struct2_3' on page 6 undefined on input line
 540.


LaTeX Warning: Reference `fig:meta_struct2_4' on page 6 undefined on input line
 541.


LaTeX Warning: Reference `fig:meta_struct2_5' on page 6 undefined on input line
 542.

<pix/sensing-traj/meta_struct2a.pdf, id=233, 265.72394pt x 325.215pt>
File: pix/sensing-traj/meta_struct2a.pdf Graphic file (type pdf)

<use pix/sensing-traj/meta_struct2a.pdf>
Package pdftex.def Info: pix/sensing-traj/meta_struct2a.pdf used on input line 
549.
(pdftex.def)             Requested size: 54.81029pt x 67.08252pt.

Underfull \hbox (badness 3039) in paragraph at lines 550--550
\T1/ptm/m/n/9 ex-pand-ed to the
 []

<pix/sensing-traj/meta_struct2b.pdf, id=234, 256.98297pt x 208.06767pt>
File: pix/sensing-traj/meta_struct2b.pdf Graphic file (type pdf)

<use pix/sensing-traj/meta_struct2b.pdf>
Package pdftex.def Info: pix/sensing-traj/meta_struct2b.pdf used on input line 
556.
(pdftex.def)             Requested size: 66.2807pt x 53.66621pt.

<pix/sensing-traj/meta_struct2c.pdf, id=235, 368.86673pt x 211.5646pt>
File: pix/sensing-traj/meta_struct2c.pdf Graphic file (type pdf)

<use pix/sensing-traj/meta_struct2c.pdf>
Package pdftex.def Info: pix/sensing-traj/meta_struct2c.pdf used on input line 
563.
(pdftex.def)             Requested size: 93.56728pt x 53.66621pt.

Overfull \hbox (26.48476pt too wide) in paragraph at lines 563--564
 [][] 
 []

<pix/sensing-traj/meta_struct2d.pdf, id=236, 770.94905pt x 321.71805pt>
File: pix/sensing-traj/meta_struct2d.pdf Graphic file (type pdf)

<use pix/sensing-traj/meta_struct2d.pdf>
Package pdftex.def Info: pix/sensing-traj/meta_struct2d.pdf used on input line 
569.
(pdftex.def)             Requested size: 123.64845pt x 51.59921pt.

<pix/sensing-traj/meta_struct2e.pdf, id=237, 604.87161pt x 382.91441pt>
File: pix/sensing-traj/meta_struct2e.pdf Graphic file (type pdf)

<use pix/sensing-traj/meta_struct2e.pdf>
Package pdftex.def Info: pix/sensing-traj/meta_struct2e.pdf used on input line 
576.
(pdftex.def)             Requested size: 81.50647pt x 51.59921pt.

<pix/sensing-traj/meta_struct3.pdf, id=240, 209.78209pt x 208.06769pt>
File: pix/sensing-traj/meta_struct3.pdf Graphic file (type pdf)

<use pix/sensing-traj/meta_struct3.pdf>
Package pdftex.def Info: pix/sensing-traj/meta_struct3.pdf used on input line 5
91.
(pdftex.def)             Requested size: 76.2225pt x 75.60077pt.

<pix/sensing-traj/path_case_1.pdf, id=241, 519.21057pt x 106.65652pt>
File: pix/sensing-traj/path_case_1.pdf Graphic file (type pdf)

<use pix/sensing-traj/path_case_1.pdf>
Package pdftex.def Info: pix/sensing-traj/path_case_1.pdf used on input line 60
1.
(pdftex.def)             Requested size: 173.44756pt x 35.62965pt.


LaTeX Warning: Reference `fig:path_1' on page 6 undefined on input line 607.

<pix/sensing-traj/path_case_2_1.pdf, id=243, 695.77708pt x 318.22113pt>
File: pix/sensing-traj/path_case_2_1.pdf Graphic file (type pdf)

<use pix/sensing-traj/path_case_2_1.pdf>
Package pdftex.def Info: pix/sensing-traj/path_case_2_1.pdf used on input line 
619.
(pdftex.def)             Requested size: 232.19843pt x 106.19806pt.

<pix/sensing-traj/path_case_2_2.pdf, id=244, 692.28069pt x 279.75482pt>
File: pix/sensing-traj/path_case_2_2.pdf Graphic file (type pdf)

<use pix/sensing-traj/path_case_2_2.pdf>
Package pdftex.def Info: pix/sensing-traj/path_case_2_2.pdf used on input line 
626.
(pdftex.def)             Requested size: 232.19843pt x 93.83049pt.

Underfull \hbox (badness 10000) in paragraph at lines 617--631
[]$[]$
 []


LaTeX Warning: Reference `fig:path2_1' on page 6 undefined on input line 635.


LaTeX Warning: Reference `fig:path2_2' on page 6 undefined on input line 637.

[6 <C:/Users/zpysky/Desktop/dominating-path/pix/sensing-traj/meta_struct3.pdf> 
<C:/Users/zpysky/Desktop/dominating-path/pix/sensing-traj/path_case_1.pdf>]
<pix/sensing-traj/path_case_3_1.pdf, id=269, 1166.03856pt x 344.44814pt>
File: pix/sensing-traj/path_case_3_1.pdf Graphic file (type pdf)

<use pix/sensing-traj/path_case_3_1.pdf>
Package pdftex.def Info: pix/sensing-traj/path_case_3_1.pdf used on input line 
654.
(pdftex.def)             Requested size: 165.12378pt x 48.77426pt.

<pix/sensing-traj/path_case_3_2.pdf, id=270, 1372.32425pt x 410.88994pt>
File: pix/sensing-traj/path_case_3_2.pdf Graphic file (type pdf)

<use pix/sensing-traj/path_case_3_2.pdf>
Package pdftex.def Info: pix/sensing-traj/path_case_3_2.pdf used on input line 
661.
(pdftex.def)             Requested size: 165.12378pt x 49.43633pt.

<pix/sensing-traj/path_case_3_3.pdf, id=271, 791.92726pt x 335.7058pt>
File: pix/sensing-traj/path_case_3_3.pdf Graphic file (type pdf)

<use pix/sensing-traj/path_case_3_3.pdf>
Package pdftex.def Info: pix/sensing-traj/path_case_3_3.pdf used on input line 
668.
(pdftex.def)             Requested size: 165.12378pt x 69.99316pt.


LaTeX Warning: Reference `fig:path3_1' on page 7 undefined on input line 677.


LaTeX Warning: Reference `fig:path3_2' on page 7 undefined on input line 677.


LaTeX Warning: Reference `fig:path3_3' on page 7 undefined on input line 679.


LaTeX Warning: Reference `fig:path3_2' on page 7 undefined on input line 679.

[7 <C:/Users/zpysky/Desktop/dominating-path/pix/sensing-traj/meta_struct1a.pdf>
 <C:/Users/zpysky/Desktop/dominating-path/pix/sensing-traj/meta_struct1b.pdf> <
C:/Users/zpysky/Desktop/dominating-path/pix/sensing-traj/meta_struct1c.pdf> <C:
/Users/zpysky/Desktop/dominating-path/pix/sensing-traj/meta_struct2a.pdf> <C:/U
sers/zpysky/Desktop/dominating-path/pix/sensing-traj/meta_struct2b.pdf> <C:/Use
rs/zpysky/Desktop/dominating-path/pix/sensing-traj/meta_struct2c.pdf> <C:/Users
/zpysky/Desktop/dominating-path/pix/sensing-traj/meta_struct2d.pdf> <C:/Users/z
pysky/Desktop/dominating-path/pix/sensing-traj/meta_struct2e.pdf> <C:/Users/zpy
sky/Desktop/dominating-path/pix/sensing-traj/path_case_2_1.pdf> <C:/Users/zpysk
y/Desktop/dominating-path/pix/sensing-traj/path_case_2_2.pdf>]
Overfull \hbox (6.16171pt too wide) detected at line 705
[] []
 []

<pix/sensing-traj/path_case_4.pdf, id=311, 1494.69708pt x 480.82863pt>
File: pix/sensing-traj/path_case_4.pdf Graphic file (type pdf)

<use pix/sensing-traj/path_case_4.pdf>
Package pdftex.def Info: pix/sensing-traj/path_case_4.pdf used on input line 71
1.
(pdftex.def)             Requested size: 232.19843pt x 74.68907pt.


LaTeX Warning: Reference `fig:path4_1' on page 8 undefined on input line 718.


LaTeX Warning: Reference `fig:path4_1' on page 8 undefined on input line 718.

Package hyperref Info: bookmark level for unknown algorithm defaults to 0 on in
put line 733.

LaTeX Warning: Float too large for page by 7.04474pt on input line 892.


LaTeX Warning: Reference `sec:dominating_path_construct' on page 8 undefined on
 input line 909.


LaTeX Warning: Reference `sec:dominating_path_construct' on page 8 undefined on
 input line 909.


LaTeX Warning: Reference `sec:dominating_path_construct' on page 8 undefined on
 input line 909.

[8 <C:/Users/zpysky/Desktop/dominating-path/pix/sensing-traj/path_case_3_1.pdf>
 <C:/Users/zpysky/Desktop/dominating-path/pix/sensing-traj/path_case_3_2.pdf> <
C:/Users/zpysky/Desktop/dominating-path/pix/sensing-traj/path_case_3_3.pdf> <C:
/Users/zpysky/Desktop/dominating-path/pix/sensing-traj/path_case_4.pdf>]
<pix/sensing-traj/eva_time.pdf, id=340, 835.12pt x 525.965pt>
File: pix/sensing-traj/eva_time.pdf Graphic file (type pdf)

<use pix/sensing-traj/eva_time.pdf>
Package pdftex.def Info: pix/sensing-traj/eva_time.pdf used on input line 1174.

(pdftex.def)             Requested size: 118.6778pt x 74.74211pt.

<pix/sensing-traj/eva_coverage.pdf, id=341, 835.12pt x 525.965pt>
File: pix/sensing-traj/eva_coverage.pdf Graphic file (type pdf)

<use pix/sensing-traj/eva_coverage.pdf>
Package pdftex.def Info: pix/sensing-traj/eva_coverage.pdf used on input line 1
181.
(pdftex.def)             Requested size: 118.6778pt x 74.74211pt.

<pix/sensing-traj/eva_time_load.pdf, id=342, 835.12pt x 525.965pt>
File: pix/sensing-traj/eva_time_load.pdf Graphic file (type pdf)

<use pix/sensing-traj/eva_time_load.pdf>
Package pdftex.def Info: pix/sensing-traj/eva_time_load.pdf used on input line 
1188.
(pdftex.def)             Requested size: 118.6778pt x 74.74211pt.

<pix/sensing-traj/eva_coverage_load.pdf, id=343, 835.12pt x 525.965pt>
File: pix/sensing-traj/eva_coverage_load.pdf Graphic file (type pdf)

<use pix/sensing-traj/eva_coverage_load.pdf>
Package pdftex.def Info: pix/sensing-traj/eva_coverage_load.pdf used on input l
ine 1194.
(pdftex.def)             Requested size: 118.6778pt x 74.74211pt.

<pix/sensing-traj/eva_grid_time.pdf, id=344, 1084.05pt x 532.99126pt>
File: pix/sensing-traj/eva_grid_time.pdf Graphic file (type pdf)

<use pix/sensing-traj/eva_grid_time.pdf>
Package pdftex.def Info: pix/sensing-traj/eva_grid_time.pdf used on input line 
1205.
(pdftex.def)             Requested size: 201.60077pt x 99.1142pt.


LaTeX Warning: Reference `XXX' on page 9 undefined on input line 1266.


LaTeX Warning: Reference `fig:comp1' on page 9 undefined on input line 1293.


LaTeX Warning: Reference `fig:comp2' on page 9 undefined on input line 1295.


LaTeX Warning: Reference `fig:comp3' on page 9 undefined on input line 1298.


LaTeX Warning: Reference `fig:comp4' on page 9 undefined on input line 1298.

[9 <C:/Users/zpysky/Desktop/dominating-path/pix/sensing-traj/eva_grid_time.pdf>
]

LaTeX Warning: Reference `fig:timeconsume' on page 10 undefined on input line 1
303.


LaTeX Warning: Reference `fig:battery' on page 10 undefined on input line 1305.


(C:\Users\zpysky\Desktop\dominating-path\Sensing-traj_v1.5.bbl)

** Conference Paper **
Before submitting the final camera ready copy, remember to:

 1. Manually equalize the lengths of two columns on the last page
 of your paper;

 2. Ensure that any PostScript and/or PDF output post-processing
 uses only Type 1 fonts and that every step in the generation
 process uses the appropriate paper size.

Package atveryend Info: Empty hook `BeforeClearDocument' on input line 1322.
[10 <C:/Users/zpysky/Desktop/dominating-path/pix/sensing-traj/eva_time.pdf> <C:
/Users/zpysky/Desktop/dominating-path/pix/sensing-traj/eva_coverage.pdf> <C:/Us
ers/zpysky/Desktop/dominating-path/pix/sensing-traj/eva_time_load.pdf> <C:/User
s/zpysky/Desktop/dominating-path/pix/sensing-traj/eva_coverage_load.pdf>]
[11]
Package atveryend Info: Empty hook `AfterLastShipout' on input line 1322.
 (C:\Users\zpysky\Desktop\dominating-path\Sensing-traj_v1.5.aux)
Package atveryend Info: Executing hook `AtVeryEndDocument' on input line 1322.
Package atveryend Info: Executing hook `AtEndAfterFileList' on input line 1322.

Package rerunfilecheck Info: File `Sensing-traj_v1.5.out' has not changed.
(rerunfilecheck)             Checksum: 28863115B884D189B73FFB269DB4C131;7824.


LaTeX Warning: There were undefined references.


LaTeX Warning: There were multiply-defined labels.

 ) 
Here is how much of TeX's memory you used:
 9931 strings out of 495354
 145203 string characters out of 3183858
 260606 words of memory out of 3000000
 12864 multiletter control sequences out of 15000+200000
 111861 words of font info for 125 fonts, out of 3000000 for 9000
 14 hyphenation exceptions out of 8191
 42i,13n,40p,2226b,484s stack positions out of 5000i,500n,10000p,200000b,50000s
{C:/CTEX/MiKTeX/fonts/enc/dvips/fontname/8r.enc}<C:/CTEX/MiKTeX/fonts/type1/p
ublic/amsfonts/cm/cmex10.pfb><C:/CTEX/MiKTeX/fonts/type1/public/amsfonts/cm/cmm
i10.pfb><C:/CTEX/MiKTeX/fonts/type1/public/amsfonts/cm/cmmi5.pfb><C:/CTEX/MiKTe
X/fonts/type1/public/amsfonts/cm/cmmi7.pfb><C:/CTEX/MiKTeX/fonts/type1/public/a
msfonts/cm/cmr10.pfb><C:/CTEX/MiKTeX/fonts/type1/public/amsfonts/cm/cmr7.pfb><C
:/CTEX/MiKTeX/fonts/type1/public/amsfonts/cm/cmsy10.pfb><C:/CTEX/MiKTeX/fonts/t
ype1/public/amsfonts/cm/cmsy5.pfb><C:/CTEX/MiKTeX/fonts/type1/public/amsfonts/c
m/cmsy7.pfb><C:/CTEX/MiKTeX/fonts/type1/public/amsfonts/cm/cmsy9.pfb><C:/CTEX/M
iKTeX/fonts/type1/public/amsfonts/symbols/msbm10.pfb><C:/CTEX/MiKTeX/fonts/type
1/urw/times/utmb8a.pfb><C:/CTEX/MiKTeX/fonts/type1/urw/times/utmbi8a.pfb><C:/CT
EX/MiKTeX/fonts/type1/urw/times/utmr8a.pfb><C:/CTEX/MiKTeX/fonts/type1/urw/time
s/utmri8a.pfb>
Output written on Sensing-traj_v1.5.pdf (11 pages, 1256001 bytes).
PDF statistics:
 461 PDF objects out of 1000 (max. 8388607)
 92 named destinations out of 1000 (max. 500000)
 388 words of extra memory for PDF output out of 10000 (max. 10000000)

