\BOOKMARK [1][-]{section.1}{\376\377\000\111\000\040\000\111\000\156\000\164\000\162\000\157\000\144\000\165\000\143\000\164\000\151\000\157\000\156}{}% 1
\BOOKMARK [1][-]{section.2}{\376\377\000\111\000\111\000\040\000\122\000\145\000\154\000\141\000\164\000\145\000\144\000\040\000\127\000\157\000\162\000\153}{}% 2
\BOOKMARK [2][-]{subsection.2.1}{\376\377\000\111\000\111\000\055\000\101\000\040\000\104\000\162\000\157\000\156\000\145\000\163\000\040\000\151\000\156\000\040\000\063\000\104\000\040\000\155\000\157\000\142\000\151\000\154\000\145\000\040\000\163\000\145\000\156\000\163\000\151\000\156\000\147}{section.2}% 3
\BOOKMARK [2][-]{subsection.2.2}{\376\377\000\111\000\111\000\055\000\102\000\040\000\124\000\162\000\141\000\152\000\145\000\143\000\164\000\157\000\162\000\171\000\040\000\160\000\154\000\141\000\156\000\156\000\151\000\156\000\147\000\040\000\151\000\156\000\040\000\155\000\157\000\142\000\151\000\154\000\145\000\040\000\163\000\145\000\156\000\163\000\151\000\156\000\147}{section.2}% 4
\BOOKMARK [1][-]{section.3}{\376\377\000\111\000\111\000\111\000\040\000\123\000\171\000\163\000\164\000\145\000\155\000\040\000\115\000\157\000\144\000\145\000\154}{}% 5
\BOOKMARK [2][-]{subsection.3.1}{\376\377\000\111\000\111\000\111\000\055\000\101\000\040\000\116\000\145\000\164\000\167\000\157\000\162\000\153\000\040\000\145\000\163\000\164\000\141\000\142\000\154\000\151\000\163\000\150\000\155\000\145\000\156\000\164}{section.3}% 6
\BOOKMARK [2][-]{subsection.3.2}{\376\377\000\111\000\111\000\111\000\055\000\102\000\040\000\124\000\151\000\155\000\145\000\040\000\143\000\157\000\156\000\163\000\165\000\155\000\151\000\156\000\147}{section.3}% 7
\BOOKMARK [2][-]{subsection.3.3}{\376\377\000\111\000\111\000\111\000\055\000\103\000\040\000\103\000\157\000\162\000\162\000\145\000\154\000\141\000\164\000\151\000\157\000\156\000\040\000\142\000\145\000\164\000\167\000\145\000\145\000\156\000\040\000\117\000\114\000\163}{section.3}% 8
\BOOKMARK [2][-]{subsection.3.4}{\376\377\000\111\000\111\000\111\000\055\000\104\000\040\000\120\000\162\000\157\000\142\000\154\000\145\000\155\000\040\000\146\000\157\000\162\000\155\000\165\000\154\000\141\000\164\000\151\000\157\000\156}{section.3}% 9
\BOOKMARK [1][-]{section.4}{\376\377\000\111\000\126\000\040\000\114\000\157\000\167\000\145\000\162\000\040\000\142\000\157\000\165\000\156\000\144\000\040\000\141\000\156\000\144\000\040\000\143\000\157\000\156\000\163\000\164\000\162\000\165\000\143\000\164\000\151\000\157\000\156\000\040\000\146\000\157\000\162\000\040\000\164\000\167\000\157\000\040\000\143\000\141\000\163\000\145\000\163}{}% 10
\BOOKMARK [2][-]{subsection.4.1}{\376\377\000\111\000\126\000\055\000\101\000\040\000\104\000\145\000\146\000\151\000\156\000\151\000\164\000\151\000\157\000\156\000\163\000\040\000\141\000\156\000\144\000\040\000\156\000\157\000\164\000\141\000\164\000\151\000\157\000\156\000\163}{section.4}% 11
\BOOKMARK [2][-]{subsection.4.2}{\376\377\000\111\000\126\000\055\000\102\000\040\000\103\000\157\000\156\000\163\000\151\000\144\000\145\000\162\000\040\000\146\000\154\000\151\000\147\000\150\000\164\000\040\000\164\000\151\000\155\000\145\000\040\000\157\000\156\000\154\000\171}{section.4}% 12
\BOOKMARK [2][-]{subsection.4.3}{\376\377\000\111\000\126\000\055\000\103\000\040\000\103\000\157\000\156\000\163\000\151\000\144\000\145\000\162\000\040\000\164\000\157\000\164\000\141\000\154\000\040\000\164\000\151\000\155\000\145\000\040\000\143\000\157\000\156\000\163\000\165\000\155\000\151\000\156\000\147}{section.4}% 13
\BOOKMARK [1][-]{section.5}{\376\377\000\126\000\040\000\117\000\160\000\164\000\151\000\155\000\141\000\154\000\040\000\124\000\162\000\141\000\152\000\145\000\143\000\164\000\157\000\162\000\171\000\040\000\120\000\154\000\141\000\156\000\156\000\151\000\156\000\147\000\040\000\101\000\154\000\147\000\157\000\162\000\151\000\164\000\150\000\155\000\163}{}% 14
\BOOKMARK [1][-]{section.6}{\376\377\000\126\000\111\000\040\000\105\000\166\000\141\000\154\000\165\000\141\000\164\000\151\000\157\000\156}{}% 15
\BOOKMARK [2][-]{subsection.6.1}{\376\377\000\126\000\111\000\055\000\101\000\040\000\105\000\170\000\160\000\145\000\162\000\151\000\155\000\145\000\156\000\164\000\040\000\123\000\145\000\164\000\165\000\160}{section.6}% 16
\BOOKMARK [2][-]{subsection.6.2}{\376\377\000\126\000\111\000\055\000\102\000\040\000\122\000\145\000\163\000\165\000\154\000\164\000\163\000\040\000\151\000\156\000\040\000\163\000\160\000\145\000\143\000\151\000\146\000\151\000\143\000\040\000\157\000\160\000\145\000\156\000\040\000\163\000\160\000\141\000\143\000\145}{section.6}% 17
\BOOKMARK [2][-]{subsection.6.3}{\376\377\000\126\000\111\000\055\000\103\000\040\000\122\000\145\000\163\000\165\000\154\000\164\000\163\000\040\000\157\000\146\000\040\000\163\000\151\000\155\000\165\000\154\000\141\000\164\000\151\000\157\000\156\000\163}{section.6}% 18
\BOOKMARK [2][-]{subsection.6.4}{\376\377\000\126\000\111\000\055\000\104\000\040}{section.6}% 19
\BOOKMARK [1][-]{section.7}{\376\377\000\126\000\111\000\111\000\040\000\103\000\157\000\156\000\143\000\154\000\165\000\163\000\151\000\157\000\156\000\163}{}% 20
\BOOKMARK [1][-]{section*.1}{\376\377\000\122\000\145\000\146\000\145\000\162\000\145\000\156\000\143\000\145\000\163}{}% 21
